03/19/2026 09:53:03 - INFO - root - Using resolved device: cuda
03/19/2026 09:53:03 - INFO - root - Output dir: outputs/bert_crf_20260319_095303
03/19/2026 09:53:03 - INFO - root - Pretrained: hfl/chinese-bert-wwm-ext
03/19/2026 09:53:03 - INFO - root - Seed: 42
03/19/2026 09:53:09 - INFO - src.training.trainer - [Train] epoch=1 global_step=50 loss=39.3689
03/19/2026 09:53:12 - INFO - src.training.trainer - [Train] epoch=1 global_step=100 loss=14.8973
03/19/2026 09:53:16 - INFO - src.training.trainer - [Train] epoch=1 global_step=150 loss=11.0137
03/19/2026 09:53:20 - INFO - src.training.trainer - [Train] epoch=1 global_step=200 loss=9.4788
03/19/2026 09:53:24 - INFO - src.training.trainer - [Train] epoch=1 global_step=250 loss=9.1043
03/19/2026 09:53:29 - INFO - src.training.trainer - [Train] epoch=1 global_step=300 loss=6.4783
03/19/2026 09:53:34 - INFO - src.training.trainer - [Epoch 1] train_loss=22.2103 dev_f1=0.7559
03/19/2026 09:53:35 - INFO - src.training.trainer - [BEST] new best_f1=0.7559 saved to best.pt
03/19/2026 09:53:37 - INFO - src.training.trainer - [Train] epoch=2 global_step=350 loss=9.2164
03/19/2026 09:53:42 - INFO - src.training.trainer - [Train] epoch=2 global_step=400 loss=6.0809
03/19/2026 09:53:46 - INFO - src.training.trainer - [Train] epoch=2 global_step=450 loss=4.6448
03/19/2026 09:53:50 - INFO - src.training.trainer - [Train] epoch=2 global_step=500 loss=3.7727
03/19/2026 09:53:54 - INFO - src.training.trainer - [Train] epoch=2 global_step=550 loss=5.7711
03/19/2026 09:53:58 - INFO - src.training.trainer - [Train] epoch=2 global_step=600 loss=3.9418
03/19/2026 09:54:02 - INFO - src.training.trainer - [Train] epoch=2 global_step=650 loss=4.9026
03/19/2026 09:54:06 - INFO - src.training.trainer - [Epoch 2] train_loss=5.6881 dev_f1=0.7913
03/19/2026 09:54:08 - INFO - src.training.trainer - [BEST] new best_f1=0.7913 saved to best.pt
03/19/2026 09:54:12 - INFO - src.training.trainer - [Train] epoch=3 global_step=700 loss=4.4195
03/19/2026 09:54:17 - INFO - src.training.trainer - [Train] epoch=3 global_step=750 loss=3.9010
03/19/2026 09:54:21 - INFO - src.training.trainer - [Train] epoch=3 global_step=800 loss=4.3780
03/19/2026 09:54:25 - INFO - src.training.trainer - [Train] epoch=3 global_step=850 loss=5.8444
03/19/2026 09:54:29 - INFO - src.training.trainer - [Train] epoch=3 global_step=900 loss=4.8081
03/19/2026 09:54:34 - INFO - src.training.trainer - [Train] epoch=3 global_step=950 loss=6.0177
03/19/2026 09:54:38 - INFO - src.training.trainer - [Train] epoch=3 global_step=1000 loss=2.3363
03/19/2026 09:54:41 - INFO - src.training.trainer - [Epoch 3] train_loss=3.9120 dev_f1=0.7978
03/19/2026 09:54:43 - INFO - src.training.trainer - [BEST] new best_f1=0.7978 saved to best.pt
03/19/2026 09:54:49 - INFO - src.training.trainer - [Train] epoch=4 global_step=1050 loss=3.4263
03/19/2026 09:54:53 - INFO - src.training.trainer - [Train] epoch=4 global_step=1100 loss=2.1761
03/19/2026 09:54:58 - INFO - src.training.trainer - [Train] epoch=4 global_step=1150 loss=5.0136
03/19/2026 09:55:02 - INFO - src.training.trainer - [Train] epoch=4 global_step=1200 loss=2.6662
03/19/2026 09:55:06 - INFO - src.training.trainer - [Train] epoch=4 global_step=1250 loss=3.0785
03/19/2026 09:55:10 - INFO - src.training.trainer - [Train] epoch=4 global_step=1300 loss=3.0112
03/19/2026 09:55:16 - INFO - src.training.trainer - [Epoch 4] train_loss=2.9047 dev_f1=0.7922
03/19/2026 09:55:19 - INFO - root - [DONE] Training finished. best_f1=0.7978, best_epoch=3
