03/19/2026 09:19:20 - INFO - root - Using resolved device: cuda
03/19/2026 09:19:20 - INFO - root - Output dir: outputs/bert_crf_20260319_091920
03/19/2026 09:19:20 - INFO - root - Pretrained: hfl/chinese-bert-wwm-ext
03/19/2026 09:19:20 - INFO - root - Seed: 42
03/19/2026 09:19:26 - INFO - src.training.trainer - [Train] epoch=1 global_step=50 loss=43.1748
03/19/2026 09:19:30 - INFO - src.training.trainer - [Train] epoch=1 global_step=100 loss=17.1735
03/19/2026 09:19:35 - INFO - src.training.trainer - [Train] epoch=1 global_step=150 loss=11.8853
03/19/2026 09:19:39 - INFO - src.training.trainer - [Train] epoch=1 global_step=200 loss=11.2605
03/19/2026 09:19:43 - INFO - src.training.trainer - [Train] epoch=1 global_step=250 loss=8.4729
03/19/2026 09:19:47 - INFO - src.training.trainer - [Train] epoch=1 global_step=300 loss=8.6246
03/19/2026 09:19:53 - INFO - src.training.trainer - [Epoch 1] train_loss=23.9929 dev_f1=0.7254
03/19/2026 09:19:54 - INFO - src.training.trainer - [BEST] new best_f1=0.7254 saved to best.pt
03/19/2026 09:19:56 - INFO - src.training.trainer - [Train] epoch=2 global_step=350 loss=9.3424
03/19/2026 09:20:00 - INFO - src.training.trainer - [Train] epoch=2 global_step=400 loss=6.8526
03/19/2026 09:20:04 - INFO - src.training.trainer - [Train] epoch=2 global_step=450 loss=6.2950
03/19/2026 09:20:08 - INFO - src.training.trainer - [Train] epoch=2 global_step=500 loss=3.5815
03/19/2026 09:20:12 - INFO - src.training.trainer - [Train] epoch=2 global_step=550 loss=8.4072
03/19/2026 09:20:17 - INFO - src.training.trainer - [Train] epoch=2 global_step=600 loss=4.0015
03/19/2026 09:20:21 - INFO - src.training.trainer - [Train] epoch=2 global_step=650 loss=6.2760
03/19/2026 09:20:25 - INFO - src.training.trainer - [Epoch 2] train_loss=6.7809 dev_f1=0.7513
03/19/2026 09:20:27 - INFO - src.training.trainer - [BEST] new best_f1=0.7513 saved to best.pt
03/19/2026 09:20:32 - INFO - src.training.trainer - [Train] epoch=3 global_step=700 loss=4.7654
03/19/2026 09:20:36 - INFO - src.training.trainer - [Train] epoch=3 global_step=750 loss=4.9818
03/19/2026 09:20:40 - INFO - src.training.trainer - [Train] epoch=3 global_step=800 loss=5.9101
03/19/2026 09:20:45 - INFO - src.training.trainer - [Train] epoch=3 global_step=850 loss=6.1158
03/19/2026 09:20:49 - INFO - src.training.trainer - [Train] epoch=3 global_step=900 loss=6.0978
03/19/2026 09:20:53 - INFO - src.training.trainer - [Train] epoch=3 global_step=950 loss=5.7826
03/19/2026 09:20:57 - INFO - src.training.trainer - [Train] epoch=3 global_step=1000 loss=3.3928
03/19/2026 09:21:01 - INFO - src.training.trainer - [Epoch 3] train_loss=4.7008 dev_f1=0.7637
03/19/2026 09:21:03 - INFO - src.training.trainer - [BEST] new best_f1=0.7637 saved to best.pt
03/19/2026 09:21:08 - INFO - src.training.trainer - [Train] epoch=4 global_step=1050 loss=4.0601
03/19/2026 09:21:12 - INFO - src.training.trainer - [Train] epoch=4 global_step=1100 loss=2.6303
03/19/2026 09:21:16 - INFO - src.training.trainer - [Train] epoch=4 global_step=1150 loss=4.7731
03/19/2026 09:21:20 - INFO - src.training.trainer - [Train] epoch=4 global_step=1200 loss=2.5782
03/19/2026 09:21:25 - INFO - src.training.trainer - [Train] epoch=4 global_step=1250 loss=4.0862
03/19/2026 09:21:29 - INFO - src.training.trainer - [Train] epoch=4 global_step=1300 loss=3.4158
03/19/2026 09:21:35 - INFO - src.training.trainer - [Epoch 4] train_loss=3.1891 dev_f1=0.7723
03/19/2026 09:21:37 - INFO - src.training.trainer - [BEST] new best_f1=0.7723 saved to best.pt
03/19/2026 09:21:40 - INFO - src.training.trainer - [Train] epoch=5 global_step=1350 loss=1.5970
03/19/2026 09:21:44 - INFO - src.training.trainer - [Train] epoch=5 global_step=1400 loss=2.4399
03/19/2026 09:21:48 - INFO - src.training.trainer - [Train] epoch=5 global_step=1450 loss=0.7184
03/19/2026 09:21:53 - INFO - src.training.trainer - [Train] epoch=5 global_step=1500 loss=3.2770
03/19/2026 09:21:57 - INFO - src.training.trainer - [Train] epoch=5 global_step=1550 loss=1.6082
03/19/2026 09:22:01 - INFO - src.training.trainer - [Train] epoch=5 global_step=1600 loss=2.1714
03/19/2026 09:22:05 - INFO - src.training.trainer - [Train] epoch=5 global_step=1650 loss=2.6818
03/19/2026 09:22:10 - INFO - src.training.trainer - [Epoch 5] train_loss=2.1083 dev_f1=0.7704
03/19/2026 09:22:14 - INFO - src.training.trainer - [Train] epoch=6 global_step=1700 loss=1.8662
03/19/2026 09:22:18 - INFO - src.training.trainer - [Train] epoch=6 global_step=1750 loss=2.4564
03/19/2026 09:22:23 - INFO - src.training.trainer - [Train] epoch=6 global_step=1800 loss=0.8864
03/19/2026 09:22:27 - INFO - src.training.trainer - [Train] epoch=6 global_step=1850 loss=1.1866
03/19/2026 09:22:31 - INFO - src.training.trainer - [Train] epoch=6 global_step=1900 loss=1.0580
03/19/2026 09:22:35 - INFO - src.training.trainer - [Train] epoch=6 global_step=1950 loss=1.4272
03/19/2026 09:22:40 - INFO - src.training.trainer - [Train] epoch=6 global_step=2000 loss=1.2014
03/19/2026 09:22:43 - INFO - src.training.trainer - [Epoch 6] train_loss=1.3879 dev_f1=0.7729
03/19/2026 09:22:45 - INFO - src.training.trainer - [BEST] new best_f1=0.7729 saved to best.pt
03/19/2026 09:22:51 - INFO - src.training.trainer - [Train] epoch=7 global_step=2050 loss=1.7228
03/19/2026 09:22:55 - INFO - src.training.trainer - [Train] epoch=7 global_step=2100 loss=1.4497
03/19/2026 09:22:59 - INFO - src.training.trainer - [Train] epoch=7 global_step=2150 loss=0.6082
03/19/2026 09:23:03 - INFO - src.training.trainer - [Train] epoch=7 global_step=2200 loss=0.5656
03/19/2026 09:23:08 - INFO - src.training.trainer - [Train] epoch=7 global_step=2250 loss=0.3986
03/19/2026 09:23:12 - INFO - src.training.trainer - [Train] epoch=7 global_step=2300 loss=1.0538
03/19/2026 09:23:16 - INFO - src.training.trainer - [Train] epoch=7 global_step=2350 loss=1.2032
03/19/2026 09:23:19 - INFO - src.training.trainer - [Epoch 7] train_loss=0.8973 dev_f1=0.7735
03/19/2026 09:23:21 - INFO - src.training.trainer - [BEST] new best_f1=0.7735 saved to best.pt
03/19/2026 09:23:27 - INFO - src.training.trainer - [Train] epoch=8 global_step=2400 loss=0.8784
03/19/2026 09:23:31 - INFO - src.training.trainer - [Train] epoch=8 global_step=2450 loss=0.3761
03/19/2026 09:23:35 - INFO - src.training.trainer - [Train] epoch=8 global_step=2500 loss=0.4420
03/19/2026 09:23:39 - INFO - src.training.trainer - [Train] epoch=8 global_step=2550 loss=0.2833
03/19/2026 09:23:43 - INFO - src.training.trainer - [Train] epoch=8 global_step=2600 loss=0.3341
03/19/2026 09:23:47 - INFO - src.training.trainer - [Train] epoch=8 global_step=2650 loss=0.3360
03/19/2026 09:23:53 - INFO - src.training.trainer - [Epoch 8] train_loss=0.5885 dev_f1=0.7735
03/19/2026 09:23:55 - INFO - root - [DONE] Training finished. best_f1=0.7735, best_epoch=7
