03/19/2026 10:05:13 - INFO - root - Using resolved device: cuda
03/19/2026 10:05:13 - INFO - root - Output dir: outputs/bert_crf_20260319_100513
03/19/2026 10:05:13 - INFO - root - Pretrained: hfl/chinese-bert-wwm-ext
03/19/2026 10:05:13 - INFO - root - Seed: 42
03/19/2026 10:05:18 - INFO - src.training.trainer - [Train] epoch=1 global_step=50 loss=46.9024
03/19/2026 10:05:22 - INFO - src.training.trainer - [Train] epoch=1 global_step=100 loss=18.8476
03/19/2026 10:05:25 - INFO - src.training.trainer - [Train] epoch=1 global_step=150 loss=13.6805
03/19/2026 10:05:30 - INFO - src.training.trainer - [Train] epoch=1 global_step=200 loss=10.7931
03/19/2026 10:05:34 - INFO - src.training.trainer - [Train] epoch=1 global_step=250 loss=10.9863
03/19/2026 10:05:38 - INFO - src.training.trainer - [Train] epoch=1 global_step=300 loss=6.6987
03/19/2026 10:05:43 - INFO - src.training.trainer - [Epoch 1] train_loss=25.7721 dev_f1=0.7395
03/19/2026 10:05:44 - INFO - src.training.trainer - [BEST] new best_f1=0.7395 saved to best.pt
03/19/2026 10:05:47 - INFO - src.training.trainer - [Train] epoch=2 global_step=350 loss=9.9587
03/19/2026 10:05:51 - INFO - src.training.trainer - [Train] epoch=2 global_step=400 loss=6.4319
03/19/2026 10:05:55 - INFO - src.training.trainer - [Train] epoch=2 global_step=450 loss=5.1188
03/19/2026 10:05:59 - INFO - src.training.trainer - [Train] epoch=2 global_step=500 loss=3.7293
03/19/2026 10:06:03 - INFO - src.training.trainer - [Train] epoch=2 global_step=550 loss=6.8909
03/19/2026 10:06:08 - INFO - src.training.trainer - [Train] epoch=2 global_step=600 loss=4.1017
03/19/2026 10:06:12 - INFO - src.training.trainer - [Train] epoch=2 global_step=650 loss=5.1715
03/19/2026 10:06:16 - INFO - src.training.trainer - [Epoch 2] train_loss=6.1536 dev_f1=0.7898
03/19/2026 10:06:18 - INFO - src.training.trainer - [BEST] new best_f1=0.7898 saved to best.pt
03/19/2026 10:06:23 - INFO - src.training.trainer - [Train] epoch=3 global_step=700 loss=4.6112
03/19/2026 10:06:26 - INFO - src.training.trainer - [Train] epoch=3 global_step=750 loss=4.2770
03/19/2026 10:06:30 - INFO - src.training.trainer - [Train] epoch=3 global_step=800 loss=3.9235
03/19/2026 10:06:34 - INFO - src.training.trainer - [Train] epoch=3 global_step=850 loss=6.8845
03/19/2026 10:06:38 - INFO - src.training.trainer - [Train] epoch=3 global_step=900 loss=4.7488
03/19/2026 10:06:42 - INFO - src.training.trainer - [Train] epoch=3 global_step=950 loss=5.5728
03/19/2026 10:06:46 - INFO - src.training.trainer - [Train] epoch=3 global_step=1000 loss=2.3158
03/19/2026 10:06:49 - INFO - src.training.trainer - [Epoch 3] train_loss=4.1675 dev_f1=0.7921
03/19/2026 10:06:51 - INFO - src.training.trainer - [BEST] new best_f1=0.7921 saved to best.pt
03/19/2026 10:06:57 - INFO - src.training.trainer - [Train] epoch=4 global_step=1050 loss=3.7246
03/19/2026 10:07:02 - INFO - src.training.trainer - [Train] epoch=4 global_step=1100 loss=1.6917
03/19/2026 10:07:06 - INFO - src.training.trainer - [Train] epoch=4 global_step=1150 loss=4.2389
03/19/2026 10:07:10 - INFO - src.training.trainer - [Train] epoch=4 global_step=1200 loss=2.5656
03/19/2026 10:07:15 - INFO - src.training.trainer - [Train] epoch=4 global_step=1250 loss=3.0190
03/19/2026 10:07:19 - INFO - src.training.trainer - [Train] epoch=4 global_step=1300 loss=4.1955
03/19/2026 10:07:25 - INFO - src.training.trainer - [Epoch 4] train_loss=2.9053 dev_f1=0.7941
03/19/2026 10:07:27 - INFO - src.training.trainer - [BEST] new best_f1=0.7941 saved to best.pt
03/19/2026 10:07:30 - INFO - src.training.trainer - [Train] epoch=5 global_step=1350 loss=1.8432
03/19/2026 10:07:34 - INFO - src.training.trainer - [Train] epoch=5 global_step=1400 loss=1.8798
03/19/2026 10:07:38 - INFO - src.training.trainer - [Train] epoch=5 global_step=1450 loss=0.9996
03/19/2026 10:07:42 - INFO - src.training.trainer - [Train] epoch=5 global_step=1500 loss=3.4344
03/19/2026 10:07:47 - INFO - src.training.trainer - [Train] epoch=5 global_step=1550 loss=2.2657
03/19/2026 10:07:51 - INFO - src.training.trainer - [Train] epoch=5 global_step=1600 loss=2.1780
03/19/2026 10:07:55 - INFO - src.training.trainer - [Train] epoch=5 global_step=1650 loss=2.4271
03/19/2026 10:08:00 - INFO - src.training.trainer - [Epoch 5] train_loss=2.1006 dev_f1=0.7906
03/19/2026 10:08:03 - INFO - src.training.trainer - [Train] epoch=6 global_step=1700 loss=1.8572
03/19/2026 10:08:07 - INFO - src.training.trainer - [Train] epoch=6 global_step=1750 loss=1.8539
03/19/2026 10:08:12 - INFO - src.training.trainer - [Train] epoch=6 global_step=1800 loss=1.1447
03/19/2026 10:08:16 - INFO - src.training.trainer - [Train] epoch=6 global_step=1850 loss=1.8859
03/19/2026 10:08:20 - INFO - src.training.trainer - [Train] epoch=6 global_step=1900 loss=2.0568
03/19/2026 10:08:24 - INFO - src.training.trainer - [Train] epoch=6 global_step=1950 loss=1.1467
03/19/2026 10:08:29 - INFO - src.training.trainer - [Train] epoch=6 global_step=2000 loss=1.2407
03/19/2026 10:08:33 - INFO - src.training.trainer - [Epoch 6] train_loss=1.5706 dev_f1=0.7931
03/19/2026 10:08:37 - INFO - src.training.trainer - [Train] epoch=7 global_step=2050 loss=1.8295
03/19/2026 10:08:41 - INFO - src.training.trainer - [Train] epoch=7 global_step=2100 loss=1.3151
03/19/2026 10:08:45 - INFO - src.training.trainer - [Train] epoch=7 global_step=2150 loss=0.9177
03/19/2026 10:08:49 - INFO - src.training.trainer - [Train] epoch=7 global_step=2200 loss=0.8356
03/19/2026 10:08:53 - INFO - src.training.trainer - [Train] epoch=7 global_step=2250 loss=0.4514
03/19/2026 10:08:58 - INFO - src.training.trainer - [Train] epoch=7 global_step=2300 loss=2.0037
03/19/2026 10:09:02 - INFO - src.training.trainer - [Train] epoch=7 global_step=2350 loss=1.4576
03/19/2026 10:09:05 - INFO - src.training.trainer - [Epoch 7] train_loss=1.2315 dev_f1=0.7889
03/19/2026 10:09:07 - INFO - root - [DONE] Training finished. best_f1=0.7941, best_epoch=4
