03/19/2026 09:56:47 - INFO - root - Using resolved device: cuda
03/19/2026 09:56:47 - INFO - root - Output dir: outputs/bert_crf_20260319_095647
03/19/2026 09:56:47 - INFO - root - Pretrained: hfl/chinese-bert-wwm-ext
03/19/2026 09:56:47 - INFO - root - Seed: 42
03/19/2026 09:56:52 - INFO - src.training.trainer - [Train] epoch=1 global_step=50 loss=35.5866
03/19/2026 09:56:57 - INFO - src.training.trainer - [Train] epoch=1 global_step=100 loss=13.1158
03/19/2026 09:57:01 - INFO - src.training.trainer - [Train] epoch=1 global_step=150 loss=10.9325
03/19/2026 09:57:05 - INFO - src.training.trainer - [Train] epoch=1 global_step=200 loss=9.2831
03/19/2026 09:57:09 - INFO - src.training.trainer - [Train] epoch=1 global_step=250 loss=9.2056
03/19/2026 09:57:13 - INFO - src.training.trainer - [Train] epoch=1 global_step=300 loss=6.2210
03/19/2026 09:57:19 - INFO - src.training.trainer - [Epoch 1] train_loss=20.3340 dev_f1=0.7665
03/19/2026 09:57:20 - INFO - src.training.trainer - [BEST] new best_f1=0.7665 saved to best.pt
03/19/2026 09:57:22 - INFO - src.training.trainer - [Train] epoch=2 global_step=350 loss=8.8152
03/19/2026 09:57:26 - INFO - src.training.trainer - [Train] epoch=2 global_step=400 loss=5.5194
03/19/2026 09:57:30 - INFO - src.training.trainer - [Train] epoch=2 global_step=450 loss=4.6831
03/19/2026 09:57:35 - INFO - src.training.trainer - [Train] epoch=2 global_step=500 loss=3.7086
03/19/2026 09:57:39 - INFO - src.training.trainer - [Train] epoch=2 global_step=550 loss=5.3724
03/19/2026 09:57:43 - INFO - src.training.trainer - [Train] epoch=2 global_step=600 loss=3.9460
03/19/2026 09:57:47 - INFO - src.training.trainer - [Train] epoch=2 global_step=650 loss=4.9833
03/19/2026 09:57:51 - INFO - src.training.trainer - [Epoch 2] train_loss=5.4626 dev_f1=0.7822
03/19/2026 09:57:54 - INFO - src.training.trainer - [BEST] new best_f1=0.7822 saved to best.pt
03/19/2026 09:57:58 - INFO - src.training.trainer - [Train] epoch=3 global_step=700 loss=4.4014
03/19/2026 09:58:03 - INFO - src.training.trainer - [Train] epoch=3 global_step=750 loss=3.4132
03/19/2026 09:58:07 - INFO - src.training.trainer - [Train] epoch=3 global_step=800 loss=4.1310
03/19/2026 09:58:11 - INFO - src.training.trainer - [Train] epoch=3 global_step=850 loss=5.3999
03/19/2026 09:58:15 - INFO - src.training.trainer - [Train] epoch=3 global_step=900 loss=4.3957
03/19/2026 09:58:19 - INFO - src.training.trainer - [Train] epoch=3 global_step=950 loss=5.8830
03/19/2026 09:58:24 - INFO - src.training.trainer - [Train] epoch=3 global_step=1000 loss=2.1345
03/19/2026 09:58:27 - INFO - src.training.trainer - [Epoch 3] train_loss=3.8548 dev_f1=0.7902
03/19/2026 09:58:29 - INFO - src.training.trainer - [BEST] new best_f1=0.7902 saved to best.pt
03/19/2026 09:58:31 - INFO - root - [DONE] Training finished. best_f1=0.7902, best_epoch=3
