03/11/2026 17:06:58 - INFO - root - Using resolved device: cuda
03/11/2026 17:06:58 - INFO - root - Output dir: outputs/bert_crf_20260311_170658
03/11/2026 17:06:58 - INFO - root - Pretrained: hfl/chinese-bert-wwm-ext
03/11/2026 17:06:58 - INFO - root - Seed: 42
03/11/2026 17:07:04 - INFO - src.training.trainer - [Train] epoch=1 global_step=50 loss=27.3536
03/11/2026 17:07:08 - INFO - src.training.trainer - [Train] epoch=1 global_step=100 loss=12.5507
03/11/2026 17:07:12 - INFO - src.training.trainer - [Train] epoch=1 global_step=150 loss=12.0050
03/11/2026 17:07:16 - INFO - src.training.trainer - [Train] epoch=1 global_step=200 loss=7.9687
03/11/2026 17:07:20 - INFO - src.training.trainer - [Train] epoch=1 global_step=250 loss=9.7132
03/11/2026 17:07:25 - INFO - src.training.trainer - [Train] epoch=1 global_step=300 loss=5.9824
03/11/2026 17:07:30 - INFO - src.training.trainer - [Epoch 1] train_loss=19.0660 dev_f1=0.7584
03/11/2026 17:07:31 - INFO - src.training.trainer - [BEST] new best_f1=0.7584 saved to best.pt
03/11/2026 17:07:34 - INFO - src.training.trainer - [Train] epoch=2 global_step=350 loss=7.8257
03/11/2026 17:07:38 - INFO - src.training.trainer - [Train] epoch=2 global_step=400 loss=5.8447
03/11/2026 17:07:42 - INFO - src.training.trainer - [Train] epoch=2 global_step=450 loss=4.3097
03/11/2026 17:07:46 - INFO - src.training.trainer - [Train] epoch=2 global_step=500 loss=3.4931
03/11/2026 17:07:51 - INFO - src.training.trainer - [Train] epoch=2 global_step=550 loss=5.8866
03/11/2026 17:07:55 - INFO - src.training.trainer - [Train] epoch=2 global_step=600 loss=3.1454
03/11/2026 17:07:59 - INFO - src.training.trainer - [Train] epoch=2 global_step=650 loss=4.8086
03/11/2026 17:08:04 - INFO - src.training.trainer - [Epoch 2] train_loss=5.4969 dev_f1=0.7797
03/11/2026 17:08:06 - INFO - src.training.trainer - [BEST] new best_f1=0.7797 saved to best.pt
03/11/2026 17:08:10 - INFO - src.training.trainer - [Train] epoch=3 global_step=700 loss=4.1153
03/11/2026 17:08:15 - INFO - src.training.trainer - [Train] epoch=3 global_step=750 loss=3.7982
03/11/2026 17:08:18 - INFO - src.training.trainer - [Train] epoch=3 global_step=800 loss=2.7449
03/11/2026 17:08:22 - INFO - src.training.trainer - [Train] epoch=3 global_step=850 loss=4.7399
03/11/2026 17:08:26 - INFO - src.training.trainer - [Train] epoch=3 global_step=900 loss=3.8536
03/11/2026 17:08:29 - INFO - src.training.trainer - [Train] epoch=3 global_step=950 loss=4.8103
03/11/2026 17:08:33 - INFO - src.training.trainer - [Train] epoch=3 global_step=1000 loss=2.1861
03/11/2026 17:08:37 - INFO - src.training.trainer - [Epoch 3] train_loss=3.3152 dev_f1=0.7990
03/11/2026 17:08:39 - INFO - src.training.trainer - [BEST] new best_f1=0.7990 saved to best.pt
03/11/2026 17:08:44 - INFO - src.training.trainer - [Train] epoch=4 global_step=1050 loss=2.2090
03/11/2026 17:08:48 - INFO - src.training.trainer - [Train] epoch=4 global_step=1100 loss=1.1734
03/11/2026 17:08:51 - INFO - src.training.trainer - [Train] epoch=4 global_step=1150 loss=2.9122
03/11/2026 17:08:55 - INFO - src.training.trainer - [Train] epoch=4 global_step=1200 loss=1.9480
03/11/2026 17:08:59 - INFO - src.training.trainer - [Train] epoch=4 global_step=1250 loss=2.3332
03/11/2026 17:09:03 - INFO - src.training.trainer - [Train] epoch=4 global_step=1300 loss=1.8501
03/11/2026 17:09:08 - INFO - src.training.trainer - [Epoch 4] train_loss=1.9353 dev_f1=0.7918
03/11/2026 17:09:10 - INFO - root - [DONE] Training finished. best_f1=0.7990, best_epoch=3
