03/11/2026 15:36:20 - INFO - root - Using resolved device: cuda
03/11/2026 15:36:20 - INFO - root - Output dir: outputs/bert_crf_20260311_153620
03/11/2026 15:36:20 - INFO - root - Pretrained: hfl/chinese-bert-wwm-ext
03/11/2026 15:36:20 - INFO - root - Seed: 42
03/11/2026 15:36:26 - INFO - src.training.trainer - [Train] epoch=1 global_step=50 loss=31.8883
03/11/2026 15:36:30 - INFO - src.training.trainer - [Train] epoch=1 global_step=100 loss=12.7314
03/11/2026 15:36:34 - INFO - src.training.trainer - [Train] epoch=1 global_step=150 loss=11.2633
03/11/2026 15:36:39 - INFO - src.training.trainer - [Train] epoch=1 global_step=200 loss=9.2972
03/11/2026 15:36:43 - INFO - src.training.trainer - [Train] epoch=1 global_step=250 loss=8.9784
03/11/2026 15:36:47 - INFO - src.training.trainer - [Train] epoch=1 global_step=300 loss=7.0270
03/11/2026 15:36:53 - INFO - src.training.trainer - [Epoch 1] train_loss=20.1317 dev_f1=0.7542
03/11/2026 15:36:54 - INFO - src.training.trainer - [BEST] new best_f1=0.7542 saved to best.pt
03/11/2026 15:36:56 - INFO - src.training.trainer - [Train] epoch=2 global_step=350 loss=8.6047
03/11/2026 15:37:00 - INFO - src.training.trainer - [Train] epoch=2 global_step=400 loss=6.1367
03/11/2026 15:37:04 - INFO - src.training.trainer - [Train] epoch=2 global_step=450 loss=3.9753
03/11/2026 15:37:09 - INFO - src.training.trainer - [Train] epoch=2 global_step=500 loss=3.6680
03/11/2026 15:37:13 - INFO - src.training.trainer - [Train] epoch=2 global_step=550 loss=6.5609
03/11/2026 15:37:17 - INFO - src.training.trainer - [Train] epoch=2 global_step=600 loss=3.5442
03/11/2026 15:37:21 - INFO - src.training.trainer - [Train] epoch=2 global_step=650 loss=5.2127
03/11/2026 15:37:26 - INFO - src.training.trainer - [Epoch 2] train_loss=5.6329 dev_f1=0.7827
03/11/2026 15:37:28 - INFO - src.training.trainer - [BEST] new best_f1=0.7827 saved to best.pt
03/11/2026 15:37:32 - INFO - src.training.trainer - [Train] epoch=3 global_step=700 loss=4.3985
03/11/2026 15:37:36 - INFO - src.training.trainer - [Train] epoch=3 global_step=750 loss=5.1653
03/11/2026 15:37:40 - INFO - src.training.trainer - [Train] epoch=3 global_step=800 loss=3.5770
03/11/2026 15:37:45 - INFO - src.training.trainer - [Train] epoch=3 global_step=850 loss=4.8228
03/11/2026 15:37:49 - INFO - src.training.trainer - [Train] epoch=3 global_step=900 loss=4.1195
03/11/2026 15:37:53 - INFO - src.training.trainer - [Train] epoch=3 global_step=950 loss=5.3338
03/11/2026 15:37:57 - INFO - src.training.trainer - [Train] epoch=3 global_step=1000 loss=1.8352
03/11/2026 15:38:00 - INFO - src.training.trainer - [Epoch 3] train_loss=3.4223 dev_f1=0.7881
03/11/2026 15:38:02 - INFO - src.training.trainer - [BEST] new best_f1=0.7881 saved to best.pt
03/11/2026 15:38:08 - INFO - src.training.trainer - [Train] epoch=4 global_step=1050 loss=2.2569
03/11/2026 15:38:12 - INFO - src.training.trainer - [Train] epoch=4 global_step=1100 loss=1.1900
03/11/2026 15:38:16 - INFO - src.training.trainer - [Train] epoch=4 global_step=1150 loss=2.9434
03/11/2026 15:38:20 - INFO - src.training.trainer - [Train] epoch=4 global_step=1200 loss=2.0598
03/11/2026 15:38:25 - INFO - src.training.trainer - [Train] epoch=4 global_step=1250 loss=2.4735
03/11/2026 15:38:29 - INFO - src.training.trainer - [Train] epoch=4 global_step=1300 loss=2.6851
03/11/2026 15:38:35 - INFO - src.training.trainer - [Epoch 4] train_loss=2.0474 dev_f1=0.7952
03/11/2026 15:38:37 - INFO - src.training.trainer - [BEST] new best_f1=0.7952 saved to best.pt
03/11/2026 15:38:40 - INFO - src.training.trainer - [Train] epoch=5 global_step=1350 loss=1.3587
03/11/2026 15:38:44 - INFO - src.training.trainer - [Train] epoch=5 global_step=1400 loss=0.8714
03/11/2026 15:38:48 - INFO - src.training.trainer - [Train] epoch=5 global_step=1450 loss=0.6514
03/11/2026 15:38:52 - INFO - src.training.trainer - [Train] epoch=5 global_step=1500 loss=2.2715
03/11/2026 15:38:57 - INFO - src.training.trainer - [Train] epoch=5 global_step=1550 loss=1.0066
03/11/2026 15:39:01 - INFO - src.training.trainer - [Train] epoch=5 global_step=1600 loss=1.0701
03/11/2026 15:39:05 - INFO - src.training.trainer - [Train] epoch=5 global_step=1650 loss=1.5682
03/11/2026 15:39:10 - INFO - src.training.trainer - [Epoch 5] train_loss=1.2218 dev_f1=0.7916
03/11/2026 15:39:11 - INFO - root - [DONE] Training finished. best_f1=0.7952, best_epoch=4
