03/19/2026 09:35:16 - INFO - root - Using resolved device: cuda
03/19/2026 09:35:16 - INFO - root - Output dir: outputs/bert_crf_20260319_093516
03/19/2026 09:35:16 - INFO - root - Pretrained: hfl/chinese-bert-wwm-ext
03/19/2026 09:35:16 - INFO - root - Seed: 42
03/19/2026 09:35:21 - INFO - src.training.trainer - [Train] epoch=1 global_step=50 loss=38.5632
03/19/2026 09:35:25 - INFO - src.training.trainer - [Train] epoch=1 global_step=100 loss=14.4575
03/19/2026 09:35:30 - INFO - src.training.trainer - [Train] epoch=1 global_step=150 loss=11.0284
03/19/2026 09:35:34 - INFO - src.training.trainer - [Train] epoch=1 global_step=200 loss=9.8154
03/19/2026 09:35:38 - INFO - src.training.trainer - [Train] epoch=1 global_step=250 loss=8.8529
03/19/2026 09:35:42 - INFO - src.training.trainer - [Train] epoch=1 global_step=300 loss=6.6679
03/19/2026 09:35:48 - INFO - src.training.trainer - [Epoch 1] train_loss=21.8531 dev_f1=0.7575
03/19/2026 09:35:49 - INFO - src.training.trainer - [BEST] new best_f1=0.7575 saved to best.pt
03/19/2026 09:35:51 - INFO - src.training.trainer - [Train] epoch=2 global_step=350 loss=8.8518
03/19/2026 09:35:56 - INFO - src.training.trainer - [Train] epoch=2 global_step=400 loss=5.6416
03/19/2026 09:36:00 - INFO - src.training.trainer - [Train] epoch=2 global_step=450 loss=5.4370
03/19/2026 09:36:04 - INFO - src.training.trainer - [Train] epoch=2 global_step=500 loss=3.5813
03/19/2026 09:36:08 - INFO - src.training.trainer - [Train] epoch=2 global_step=550 loss=6.0007
03/19/2026 09:36:12 - INFO - src.training.trainer - [Train] epoch=2 global_step=600 loss=3.6295
03/19/2026 09:36:16 - INFO - src.training.trainer - [Train] epoch=2 global_step=650 loss=4.9340
03/19/2026 09:36:20 - INFO - src.training.trainer - [Epoch 2] train_loss=5.7471 dev_f1=0.7819
03/19/2026 09:36:22 - INFO - src.training.trainer - [BEST] new best_f1=0.7819 saved to best.pt
03/19/2026 09:36:26 - INFO - src.training.trainer - [Train] epoch=3 global_step=700 loss=3.7815
03/19/2026 09:36:30 - INFO - src.training.trainer - [Train] epoch=3 global_step=750 loss=3.5353
03/19/2026 09:36:35 - INFO - src.training.trainer - [Train] epoch=3 global_step=800 loss=3.6793
03/19/2026 09:36:39 - INFO - src.training.trainer - [Train] epoch=3 global_step=850 loss=5.7045
03/19/2026 09:36:43 - INFO - src.training.trainer - [Train] epoch=3 global_step=900 loss=4.5359
03/19/2026 09:36:47 - INFO - src.training.trainer - [Train] epoch=3 global_step=950 loss=5.4097
03/19/2026 09:36:51 - INFO - src.training.trainer - [Train] epoch=3 global_step=1000 loss=2.3926
03/19/2026 09:36:54 - INFO - src.training.trainer - [Epoch 3] train_loss=3.7098 dev_f1=0.7957
03/19/2026 09:36:56 - INFO - src.training.trainer - [BEST] new best_f1=0.7957 saved to best.pt
03/19/2026 09:37:01 - INFO - src.training.trainer - [Train] epoch=4 global_step=1050 loss=3.6684
03/19/2026 09:37:05 - INFO - src.training.trainer - [Train] epoch=4 global_step=1100 loss=1.7322
03/19/2026 09:37:09 - INFO - src.training.trainer - [Train] epoch=4 global_step=1150 loss=3.7229
03/19/2026 09:37:12 - INFO - src.training.trainer - [Train] epoch=4 global_step=1200 loss=1.9211
03/19/2026 09:37:16 - INFO - src.training.trainer - [Train] epoch=4 global_step=1250 loss=2.6664
03/19/2026 09:37:20 - INFO - src.training.trainer - [Train] epoch=4 global_step=1300 loss=2.7434
03/19/2026 09:37:25 - INFO - src.training.trainer - [Epoch 4] train_loss=2.4365 dev_f1=0.7979
03/19/2026 09:37:27 - INFO - src.training.trainer - [BEST] new best_f1=0.7979 saved to best.pt
03/19/2026 09:37:30 - INFO - src.training.trainer - [Train] epoch=5 global_step=1350 loss=1.7185
03/19/2026 09:37:34 - INFO - src.training.trainer - [Train] epoch=5 global_step=1400 loss=1.2236
03/19/2026 09:37:37 - INFO - src.training.trainer - [Train] epoch=5 global_step=1450 loss=0.8703
03/19/2026 09:37:41 - INFO - src.training.trainer - [Train] epoch=5 global_step=1500 loss=2.6188
03/19/2026 09:37:44 - INFO - src.training.trainer - [Train] epoch=5 global_step=1550 loss=1.6737
03/19/2026 09:37:48 - INFO - src.training.trainer - [Train] epoch=5 global_step=1600 loss=1.5741
03/19/2026 09:37:52 - INFO - src.training.trainer - [Train] epoch=5 global_step=1650 loss=2.0325
03/19/2026 09:37:56 - INFO - src.training.trainer - [Epoch 5] train_loss=1.7016 dev_f1=0.7971
03/19/2026 09:37:59 - INFO - root - [DONE] Training finished. best_f1=0.7979, best_epoch=4
