03/19/2026 09:59:06 - INFO - root - Using resolved device: cuda
03/19/2026 09:59:06 - INFO - root - Output dir: outputs/bert_crf_20260319_095906
03/19/2026 09:59:06 - INFO - root - Pretrained: hfl/chinese-bert-wwm-ext
03/19/2026 09:59:06 - INFO - root - Seed: 42
03/19/2026 09:59:12 - INFO - src.training.trainer - [Train] epoch=1 global_step=50 loss=46.4501
03/19/2026 09:59:16 - INFO - src.training.trainer - [Train] epoch=1 global_step=100 loss=18.0190
03/19/2026 09:59:20 - INFO - src.training.trainer - [Train] epoch=1 global_step=150 loss=12.8918
03/19/2026 09:59:25 - INFO - src.training.trainer - [Train] epoch=1 global_step=200 loss=10.2792
03/19/2026 09:59:29 - INFO - src.training.trainer - [Train] epoch=1 global_step=250 loss=10.7875
03/19/2026 09:59:33 - INFO - src.training.trainer - [Train] epoch=1 global_step=300 loss=6.4765
03/19/2026 09:59:39 - INFO - src.training.trainer - [Epoch 1] train_loss=24.9050 dev_f1=0.7540
03/19/2026 09:59:40 - INFO - src.training.trainer - [BEST] new best_f1=0.7540 saved to best.pt
03/19/2026 09:59:42 - INFO - src.training.trainer - [Train] epoch=2 global_step=350 loss=9.4573
03/19/2026 09:59:46 - INFO - src.training.trainer - [Train] epoch=2 global_step=400 loss=6.3908
03/19/2026 09:59:50 - INFO - src.training.trainer - [Train] epoch=2 global_step=450 loss=4.7312
03/19/2026 09:59:55 - INFO - src.training.trainer - [Train] epoch=2 global_step=500 loss=4.1996
03/19/2026 09:59:59 - INFO - src.training.trainer - [Train] epoch=2 global_step=550 loss=6.6226
03/19/2026 10:00:03 - INFO - src.training.trainer - [Train] epoch=2 global_step=600 loss=3.8454
03/19/2026 10:00:07 - INFO - src.training.trainer - [Train] epoch=2 global_step=650 loss=5.1584
03/19/2026 10:00:11 - INFO - src.training.trainer - [Epoch 2] train_loss=5.9166 dev_f1=0.7885
03/19/2026 10:00:14 - INFO - src.training.trainer - [BEST] new best_f1=0.7885 saved to best.pt
03/19/2026 10:00:18 - INFO - src.training.trainer - [Train] epoch=3 global_step=700 loss=4.5303
03/19/2026 10:00:22 - INFO - src.training.trainer - [Train] epoch=3 global_step=750 loss=3.7773
03/19/2026 10:00:26 - INFO - src.training.trainer - [Train] epoch=3 global_step=800 loss=4.1042
03/19/2026 10:00:31 - INFO - src.training.trainer - [Train] epoch=3 global_step=850 loss=6.2906
03/19/2026 10:00:35 - INFO - src.training.trainer - [Train] epoch=3 global_step=900 loss=4.8199
03/19/2026 10:00:39 - INFO - src.training.trainer - [Train] epoch=3 global_step=950 loss=5.6013
03/19/2026 10:00:44 - INFO - src.training.trainer - [Train] epoch=3 global_step=1000 loss=2.3790
03/19/2026 10:00:47 - INFO - src.training.trainer - [Epoch 3] train_loss=3.9768 dev_f1=0.7992
03/19/2026 10:00:49 - INFO - src.training.trainer - [BEST] new best_f1=0.7992 saved to best.pt
03/19/2026 10:00:55 - INFO - src.training.trainer - [Train] epoch=4 global_step=1050 loss=3.0997
03/19/2026 10:00:59 - INFO - src.training.trainer - [Train] epoch=4 global_step=1100 loss=1.6266
03/19/2026 10:01:03 - INFO - src.training.trainer - [Train] epoch=4 global_step=1150 loss=4.1003
03/19/2026 10:01:07 - INFO - src.training.trainer - [Train] epoch=4 global_step=1200 loss=2.3596
03/19/2026 10:01:12 - INFO - src.training.trainer - [Train] epoch=4 global_step=1250 loss=3.1563
03/19/2026 10:01:16 - INFO - src.training.trainer - [Train] epoch=4 global_step=1300 loss=3.4663
03/19/2026 10:01:22 - INFO - src.training.trainer - [Epoch 4] train_loss=2.7612 dev_f1=0.7998
03/19/2026 10:01:24 - INFO - src.training.trainer - [BEST] new best_f1=0.7998 saved to best.pt
03/19/2026 10:01:26 - INFO - src.training.trainer - [Train] epoch=5 global_step=1350 loss=1.5131
03/19/2026 10:01:30 - INFO - src.training.trainer - [Train] epoch=5 global_step=1400 loss=1.5420
03/19/2026 10:01:34 - INFO - src.training.trainer - [Train] epoch=5 global_step=1450 loss=0.9745
03/19/2026 10:01:37 - INFO - src.training.trainer - [Train] epoch=5 global_step=1500 loss=3.2036
03/19/2026 10:01:41 - INFO - src.training.trainer - [Train] epoch=5 global_step=1550 loss=1.7824
03/19/2026 10:01:45 - INFO - src.training.trainer - [Train] epoch=5 global_step=1600 loss=2.4813
03/19/2026 10:01:49 - INFO - src.training.trainer - [Train] epoch=5 global_step=1650 loss=2.6965
03/19/2026 10:01:54 - INFO - src.training.trainer - [Epoch 5] train_loss=2.0367 dev_f1=0.7942
03/19/2026 10:01:57 - INFO - src.training.trainer - [Train] epoch=6 global_step=1700 loss=1.8766
03/19/2026 10:02:01 - INFO - src.training.trainer - [Train] epoch=6 global_step=1750 loss=1.6717
03/19/2026 10:02:06 - INFO - src.training.trainer - [Train] epoch=6 global_step=1800 loss=1.0516
03/19/2026 10:02:10 - INFO - src.training.trainer - [Train] epoch=6 global_step=1850 loss=1.4973
03/19/2026 10:02:14 - INFO - src.training.trainer - [Train] epoch=6 global_step=1900 loss=1.9053
03/19/2026 10:02:18 - INFO - src.training.trainer - [Train] epoch=6 global_step=1950 loss=1.3214
03/19/2026 10:02:22 - INFO - src.training.trainer - [Train] epoch=6 global_step=2000 loss=1.4844
03/19/2026 10:02:26 - INFO - src.training.trainer - [Epoch 6] train_loss=1.5687 dev_f1=0.7948
03/19/2026 10:02:28 - INFO - root - [DONE] Training finished. best_f1=0.7998, best_epoch=4
