03/19/2026 09:47:18 - INFO - root - Using resolved device: cuda
03/19/2026 09:47:18 - INFO - root - Output dir: outputs/bert_crf_20260319_094718
03/19/2026 09:47:18 - INFO - root - Pretrained: hfl/chinese-bert-wwm-ext
03/19/2026 09:47:18 - INFO - root - Seed: 42
03/19/2026 09:47:23 - INFO - src.training.trainer - [Train] epoch=1 global_step=50 loss=30.5619
03/19/2026 09:47:28 - INFO - src.training.trainer - [Train] epoch=1 global_step=100 loss=12.9137
03/19/2026 09:47:32 - INFO - src.training.trainer - [Train] epoch=1 global_step=150 loss=10.6475
03/19/2026 09:47:36 - INFO - src.training.trainer - [Train] epoch=1 global_step=200 loss=8.7881
03/19/2026 09:47:41 - INFO - src.training.trainer - [Train] epoch=1 global_step=250 loss=9.3818
03/19/2026 09:47:45 - INFO - src.training.trainer - [Train] epoch=1 global_step=300 loss=6.1309
03/19/2026 09:47:50 - INFO - src.training.trainer - [Epoch 1] train_loss=19.3096 dev_f1=0.7682
03/19/2026 09:47:52 - INFO - src.training.trainer - [BEST] new best_f1=0.7682 saved to best.pt
03/19/2026 09:47:54 - INFO - src.training.trainer - [Train] epoch=2 global_step=350 loss=8.8351
03/19/2026 09:47:58 - INFO - src.training.trainer - [Train] epoch=2 global_step=400 loss=5.2973
03/19/2026 09:48:02 - INFO - src.training.trainer - [Train] epoch=2 global_step=450 loss=3.9002
03/19/2026 09:48:06 - INFO - src.training.trainer - [Train] epoch=2 global_step=500 loss=3.2760
03/19/2026 09:48:11 - INFO - src.training.trainer - [Train] epoch=2 global_step=550 loss=5.2745
03/19/2026 09:48:15 - INFO - src.training.trainer - [Train] epoch=2 global_step=600 loss=3.7639
03/19/2026 09:48:19 - INFO - src.training.trainer - [Train] epoch=2 global_step=650 loss=4.8386
03/19/2026 09:48:24 - INFO - src.training.trainer - [Epoch 2] train_loss=5.2668 dev_f1=0.7876
03/19/2026 09:48:26 - INFO - src.training.trainer - [BEST] new best_f1=0.7876 saved to best.pt
03/19/2026 09:48:30 - INFO - src.training.trainer - [Train] epoch=3 global_step=700 loss=3.9360
03/19/2026 09:48:35 - INFO - src.training.trainer - [Train] epoch=3 global_step=750 loss=3.1582
03/19/2026 09:48:39 - INFO - src.training.trainer - [Train] epoch=3 global_step=800 loss=3.2245
03/19/2026 09:48:43 - INFO - src.training.trainer - [Train] epoch=3 global_step=850 loss=5.3436
03/19/2026 09:48:47 - INFO - src.training.trainer - [Train] epoch=3 global_step=900 loss=4.2196
03/19/2026 09:48:52 - INFO - src.training.trainer - [Train] epoch=3 global_step=950 loss=5.8439
03/19/2026 09:48:56 - INFO - src.training.trainer - [Train] epoch=3 global_step=1000 loss=1.9270
03/19/2026 09:48:59 - INFO - src.training.trainer - [Epoch 3] train_loss=3.4049 dev_f1=0.7983
03/19/2026 09:49:01 - INFO - src.training.trainer - [BEST] new best_f1=0.7983 saved to best.pt
03/19/2026 09:49:04 - INFO - root - [DONE] Training finished. best_f1=0.7983, best_epoch=3
